<?xml version="1.0" encoding="UTF-8"?>
<!-- Generated by org.testng.reporters.JUnitReportReporter -->
<testsuite hostname="Saumitri-PC" failures="0" tests="1" name="com.actitime.testscript.Customer" time="0.008" errors="0" timestamp="2022-07-21T20:53:53 IST" skipped="0">
  <testcase classname="com.actitime.testscript.Customer" name="testCustomer" time="0.008"/>
  <system-out>
    <![CDATA[stesting cx module]]>
  </system-out>
</testsuite> <!-- com.actitime.testscript.Customer -->
